<?xml version="1.0" encoding="UTF-8"?>
<!-- Generated by org.testng.reporters.JUnitXMLReporter -->
<testsuite hostname="DESKTOP-CTRD12V" ignored="0" name="Test Login" tests="9" failures="0" timestamp="24 Dec 2017 15:09:04 GMT" time="44.584" errors="0">
  <testcase name="openBrowser" time="3.539" classname="testECommerceSite.contactUSpage"/>
  <testcase name="navigate" time="13.74" classname="testECommerceSite.contactUSpage"/>
  <testcase name="openLoginpage" time="3.607" classname="testECommerceSite.contactUSpage"/>
  <testcase name="inputEmail" time="0.09" classname="testECommerceSite.contactUSpage"/>
  <testcase name="inputPassword" time="0.103" classname="testECommerceSite.contactUSpage"/>
  <testcase name="clickLoginbutton" time="7.133" classname="testECommerceSite.contactUSpage"/>
  <testcase name="ContactUS" time="9.758" classname="testECommerceSite.contactUSpage"/>
  <testcase name="clickSend" time="6.173" classname="testECommerceSite.contactUSpage"/>
  <testcase name="closeBrowser" time="0.364" classname="testECommerceSite.contactUSpage"/>
</testsuite> <!-- Test Login -->
