<?xml version="1.0" encoding="UTF-8"?>
<!-- Generated by org.testng.reporters.JUnitXMLReporter -->
<testsuite hostname="DESKTOP-CTRD12V" ignored="0" name="Default test" tests="7" failures="0" timestamp="23 Dec 2017 14:35:30 GMT" time="56.658" errors="0">
  <testcase name="openBrowser" time="30.438" classname="testECommerceSite.testLogin"/>
  <testcase name="openLoginpage" time="9.061" classname="testECommerceSite.testLogin"/>
  <testcase name="inputEmail" time="0.301" classname="testECommerceSite.testLogin"/>
  <testcase name="inputPassword" time="1.223" classname="testECommerceSite.testLogin"/>
  <testcase name="clickLoginbutton" time="5.677" classname="testECommerceSite.testLogin"/>
  <testcase name="Logout" time="9.489" classname="testECommerceSite.testLogin"/>
  <testcase name="closeBrowser" time="0.4" classname="testECommerceSite.testLogin"/>
</testsuite> <!-- Default test -->
